0 info it worked if it ends with ok
1 verbose cli [ 'C:\\Program Files\\nodejs\\node.exe',
1 verbose cli   'C:\\Users\\Victor\\AppData\\Roaming\\npm\\node_modules\\npm\\bin\\npm-cli.js',
1 verbose cli   'run',
1 verbose cli   'build' ]
2 info using npm@4.0.2
3 info using node@v6.9.1
4 verbose run-script [ 'prebuild', 'build', 'postbuild' ]
5 info lifecycle test-app@1.0.0~prebuild: test-app@1.0.0
6 silly lifecycle test-app@1.0.0~prebuild: no script for prebuild, continuing
7 info lifecycle test-app@1.0.0~build: test-app@1.0.0
8 verbose lifecycle test-app@1.0.0~build: unsafe-perm in lifecycle true
9 verbose lifecycle test-app@1.0.0~build: PATH: C:\Users\Victor\AppData\Roaming\npm\node_modules\npm\bin\node-gyp-bin;C:\Users\Victor\Desktop\react\react-fundamentals\node_modules\.bin;C:\ProgramData\Oracle\Java\javapath;C:\Program Files (x86)\RBTools\bin;C:\Python27\;C:\Program Files (x86)\Intel\iCLS Client\;C:\Program Files\Intel\iCLS Client\;C:\WINDOWS\system32;C:\WINDOWS;C:\WINDOWS\System32\Wbem;C:\WINDOWS\System32\WindowsPowerShell\v1.0\;C:\Program Files\Intel\Intel(R) Management Engine Components\DAL;C:\Program Files (x86)\Intel\Intel(R) Management Engine Components\DAL;C:\Program Files\Intel\Intel(R) Management Engine Components\IPT;C:\Program Files (x86)\Intel\Intel(R) Management Engine Components\IPT;C:\Program Files (x86)\Microsoft ASP.NET\ASP.NET Web Pages\v1.0\;C:\Program Files\Microsoft SQL Server\110\Tools\Binn\;C:\Program Files\Microsoft\Web Platform Installer\;C:\Program Files\doxygen\bin;C:\Program Files (x86)\Common Files\Adobe\AGL;c:\Program Files (x86)\QuickTime\QTSystem\;C:\Program Files\Microsoft SQL Server\120\Tools\Binn\;C:\Program Files (x86)\Bitvise SSH Client;C:\Program Files (x86)\Git\cmd;C:\Program Files (x86)\Git\bin;C:\Go\bin;C:\Program Files (x86)\ATI Technologies\ATI.ACE\Core-Static;C:\Program Files (x86)\Java\jre1.8.0_91\bin;C:\sikuli;C:\Program Files (x86)\Microsoft SDKs\TypeScript\1.0\;C:\Program Files (x86)\NVIDIA Corporation\PhysX\Common;C:\PhantomJs\bin;C:\WINDOWS\system32;C:\WINDOWS;C:\WINDOWS\System32\Wbem;C:\WINDOWS\System32\WindowsPowerShell\v1.0\;C:\WINDOWS\system32\config\systemprofile\.dnx\bin;C:\Program Files\Microsoft DNX\Dnvm\;C:\Program Files\Microsoft SQL Server\130\Tools\Binn\;C:\Program Files (x86)\Windows Kits\8.1\Windows Performance Toolkit\;C:\Program Files\nodejs\;C:\Program Files\TortoiseGit\bin;C:\Program Files (x86)\Skype\Phone\;C:\Ruby200-x64\bin;C:\Python27;C:\Python27\Scripts;C:\miktex\miktex\bin;C:\Go\bin;C:\Users\Victor\AppData\Local\Microsoft\WindowsApps;;C:\Program Files (x86)\Microsoft VS Code\bin;C:\Users\Victor\AppData\Roaming\npm
10 verbose lifecycle test-app@1.0.0~build: CWD: C:\Users\Victor\Desktop\react\react-fundamentals
11 silly lifecycle test-app@1.0.0~build: Args: [ '/d /s /c', 'NODE_ENV=\'production\' webpack -p' ]
12 silly lifecycle test-app@1.0.0~build: Returned: code: 1  signal: null
13 info lifecycle test-app@1.0.0~build: Failed to exec build script
14 verbose stack Error: test-app@1.0.0 build: `NODE_ENV='production' webpack -p`
14 verbose stack Exit status 1
14 verbose stack     at EventEmitter.<anonymous> (C:\Users\Victor\AppData\Roaming\npm\node_modules\npm\lib\utils\lifecycle.js:279:16)
14 verbose stack     at emitTwo (events.js:106:13)
14 verbose stack     at EventEmitter.emit (events.js:191:7)
14 verbose stack     at ChildProcess.<anonymous> (C:\Users\Victor\AppData\Roaming\npm\node_modules\npm\lib\utils\spawn.js:40:14)
14 verbose stack     at emitTwo (events.js:106:13)
14 verbose stack     at ChildProcess.emit (events.js:191:7)
14 verbose stack     at maybeClose (internal/child_process.js:877:16)
14 verbose stack     at Process.ChildProcess._handle.onexit (internal/child_process.js:226:5)
15 verbose pkgid test-app@1.0.0
16 verbose cwd C:\Users\Victor\Desktop\react\react-fundamentals
17 error Windows_NT 10.0.15063
18 error argv "C:\\Program Files\\nodejs\\node.exe" "C:\\Users\\Victor\\AppData\\Roaming\\npm\\node_modules\\npm\\bin\\npm-cli.js" "run" "build"
19 error node v6.9.1
20 error npm  v4.0.2
21 error code ELIFECYCLE
22 error test-app@1.0.0 build: `NODE_ENV='production' webpack -p`
22 error Exit status 1
23 error Failed at the test-app@1.0.0 build script 'NODE_ENV='production' webpack -p'.
23 error Make sure you have the latest version of node.js and npm installed.
23 error If you do, this is most likely a problem with the test-app package,
23 error not with npm itself.
23 error Tell the author that this fails on your system:
23 error     NODE_ENV='production' webpack -p
23 error You can get information on how to open an issue for this project with:
23 error     npm bugs test-app
23 error Or if that isn't available, you can get their info via:
23 error     npm owner ls test-app
23 error There is likely additional logging output above.
24 verbose exit [ 1, true ]
